2015-07-26 22:28:10,059 manager INFO 1.1.0
2015-07-26 22:28:10,059 manager INFO Copyright (C) 2003-2010
2015-07-26 22:28:10,059 manager INFO   Noriaki Ando
2015-07-26 22:28:10,059 manager INFO   Intelligent Systems Research Institute, AIST
2015-07-26 22:28:10,059 manager INFO Manager starting.
2015-07-26 22:28:10,059 manager INFO Starting local logging.
2015-07-26 22:28:10,075 manager.namingmanager INFO NameServer connection succeeded: corba/localhost
2015-07-26 22:28:12,095 ManagerServant INFO Master manager not found
2015-07-26 22:28:12,098 manager WARNING Traceback (most recent call last):
  File "C:\Python27\lib\site-packages\OpenRTM_aist\Manager.py", line 1900, in initManagerServant
    reffile = file(self._config.getProperty("manager.refstring_path"),'w')
IOError: [Errno 2] No such file or directory: '/var/log/rtcmanager.ref'

2015-07-26 22:28:12,098 LocalServiceAdmin INFO All the local services are enabled.
2015-07-26 22:28:12,111 manager INFO Component type conf file: Gamepad.conf loaded.
2015-07-26 22:28:12,115 ec_base INFO setRate(1000000.000000) done
2015-07-26 22:28:12,115 ec_base INFO setRate(1000.000000) done
2015-07-26 22:28:12,117 rtobject INFO 1 execution context was created.
2015-07-26 22:28:12,480 rtobject INFO Initial active configuration set is default.
2015-07-26 22:28:23,417 SdoServiceAdmin WARNING No available SDO service in the factory: 
2015-07-26 22:28:23,417 SdoServiceAdmin ERROR type  already exists.
2015-07-26 22:28:23,418 SdoServiceAdmin WARNING No available SDO service in the factory: IDL:OpenRTM/ComponentObserver:1.0
2015-07-26 22:28:23,418 SdoServiceAdmin ERROR type 35e93085-2a8b-49c3-a3f9-040d95dde62c already exists.
