2015-07-26 22:30:49,655 manager INFO 1.1.0
2015-07-26 22:30:49,655 manager INFO Copyright (C) 2003-2010
2015-07-26 22:30:49,655 manager INFO   Noriaki Ando
2015-07-26 22:30:49,655 manager INFO   Intelligent Systems Research Institute, AIST
2015-07-26 22:30:49,657 manager INFO Manager starting.
2015-07-26 22:30:49,657 manager INFO Starting local logging.
2015-07-26 22:30:49,667 manager.namingmanager INFO NameServer connection succeeded: corba/localhost
2015-07-26 22:30:49,700 ManagerServant INFO Master manager not found
2015-07-26 22:30:49,701 manager WARNING Traceback (most recent call last):
  File "C:\Python27\lib\site-packages\OpenRTM_aist\Manager.py", line 1900, in initManagerServant
    reffile = file(self._config.getProperty("manager.refstring_path"),'w')
IOError: [Errno 2] No such file or directory: '/var/log/rtcmanager.ref'

2015-07-26 22:30:49,703 LocalServiceAdmin INFO All the local services are enabled.
2015-07-26 22:30:49,709 manager INFO Component type conf file: Gamepad.conf loaded.
2015-07-26 22:30:49,711 ec_base INFO setRate(1000000.000000) done
2015-07-26 22:30:49,711 ec_base INFO setRate(1000.000000) done
2015-07-26 22:30:49,713 rtobject INFO 1 execution context was created.
2015-07-26 22:30:50,076 rtobject INFO Initial active configuration set is default.
2015-07-26 22:30:52,427 SdoServiceAdmin WARNING No available SDO service in the factory: 
2015-07-26 22:30:52,427 SdoServiceAdmin ERROR type  already exists.
2015-07-26 22:30:52,428 SdoServiceAdmin WARNING No available SDO service in the factory: IDL:OpenRTM/ComponentObserver:1.0
2015-07-26 22:30:52,428 SdoServiceAdmin ERROR type 6bf3f415-8b5e-4cc4-947a-590e11355cd3 already exists.
2015-07-26 22:31:39,858 ec_base INFO setRate(10.000000) done
